{
  "RSpec": {
    "coverage": {
      "/Users/TonGarcia/Documents/projs/rails/enpeX/config/environment.rb": [
        null,
        1,
        null,
        null,
        1
      ],
      "/Users/TonGarcia/Documents/projs/rails/enpeX/config/application.rb": [
        1,
        null,
        null,
        1,
        1,
        1,
        1,
        1,
        1,
        null,
        null,
        null,
        null,
        1,
        null,
        1,
        1,
        null,
        null,
        null,
        null,
        null,
        null,
        null,
        null,
        null,
        null,
        null,
        null,
        null
      ],
      "/Users/TonGarcia/Documents/projs/rails/enpeX/config/boot.rb": [
        null,
        1,
        null,
        1
      ],
      "/Users/TonGarcia/Documents/projs/rails/enpeX/config/environments/test.rb": [
        1,
        null,
        null,
        null,
        null,
        null,
        null,
        1,
        null,
        null,
        null,
        null,
        1,
        null,
        null,
        1,
        1,
        null,
        null,
        1,
        1,
        null,
        null,
        1,
        null,
        null,
        1,
        null,
        null,
        null,
        null,
        1,
        null,
        null,
        1,
        null,
        null,
        null,
        null
      ],
      "/Users/TonGarcia/Documents/projs/rails/enpeX/config/initializers/backtrace_silencers.rb": [
        null,
        null,
        null,
        null,
        null,
        null,
        null
      ],
      "/Users/TonGarcia/Documents/projs/rails/enpeX/config/initializers/cookies_serializer.rb": [
        null,
        null,
        1
      ],
      "/Users/TonGarcia/Documents/projs/rails/enpeX/config/initializers/filter_parameter_logging.rb": [
        null,
        null,
        null,
        1
      ],
      "/Users/TonGarcia/Documents/projs/rails/enpeX/config/initializers/inflections.rb": [
        null,
        null,
        null,
        null,
        null,
        null,
        null,
        null,
        null,
        null,
        null,
        null,
        null,
        null,
        null,
        null
      ],
      "/Users/TonGarcia/Documents/projs/rails/enpeX/config/initializers/mime_types.rb": [
        null,
        null,
        null,
        null
      ],
      "/Users/TonGarcia/Documents/projs/rails/enpeX/config/initializers/session_store.rb": [
        null,
        null,
        1
      ],
      "/Users/TonGarcia/Documents/projs/rails/enpeX/config/initializers/wrap_parameters.rb": [
        null,
        null,
        null,
        null,
        null,
        null,
        1,
        1,
        null,
        null,
        null,
        null,
        null,
        null
      ],
      "/Users/TonGarcia/Documents/projs/rails/enpeX/spec/factories/projects.rb": [
        null,
        null,
        1,
        1,
        1,
        1,
        1,
        1,
        null,
        null
      ],
      "/Users/TonGarcia/Documents/projs/rails/enpeX/spec/factories/roles.rb": [
        null,
        null,
        1,
        1,
        1,
        null,
        null
      ],
      "/Users/TonGarcia/Documents/projs/rails/enpeX/spec/factories/social_networks.rb": [
        null,
        null,
        1,
        1,
        1,
        1,
        1,
        null,
        null
      ],
      "/Users/TonGarcia/Documents/projs/rails/enpeX/spec/factories/social_sessions.rb": [
        null,
        null,
        1,
        1,
        1,
        null,
        null
      ],
      "/Users/TonGarcia/Documents/projs/rails/enpeX/spec/factories/transactions.rb": [
        null,
        null,
        1,
        1,
        1,
        1,
        1,
        null,
        null
      ],
      "/Users/TonGarcia/Documents/projs/rails/enpeX/spec/factories/users.rb": [
        null,
        null,
        1,
        1,
        1,
        1,
        1,
        1,
        1,
        null,
        null
      ],
      "/Users/TonGarcia/Documents/projs/rails/enpeX/config/routes.rb": [
        1,
        1,
        1,
        1,
        1,
        null,
        null,
        null,
        null,
        null,
        null,
        null,
        null,
        null,
        null,
        null,
        null,
        null,
        null,
        null,
        null,
        null,
        null,
        null,
        null,
        null,
        null,
        null,
        null,
        null,
        null,
        null,
        null,
        null,
        null,
        null,
        null,
        null,
        null,
        null,
        null,
        null,
        null,
        null,
        null,
        null,
        null,
        null,
        null,
        null,
        null,
        null,
        null,
        null,
        null,
        null,
        null,
        null,
        null,
        null,
        null
      ],
      "/Users/TonGarcia/Documents/projs/rails/enpeX/app/helpers/application_helper.rb": [
        1,
        null
      ],
      "/Users/TonGarcia/Documents/projs/rails/enpeX/app/helpers/projects_helper.rb": [
        1,
        null
      ],
      "/Users/TonGarcia/Documents/projs/rails/enpeX/app/helpers/transactions_helper.rb": [
        1,
        null
      ],
      "/Users/TonGarcia/Documents/projs/rails/enpeX/app/helpers/users_helper.rb": [
        1,
        null
      ],
      "/Users/TonGarcia/Documents/projs/rails/enpeX/app/helpers/welcome_helper.rb": [
        1,
        null
      ],
      "/Users/TonGarcia/Documents/projs/rails/enpeX/app/controllers/projects_controller.rb": [
        1,
        1,
        null,
        null,
        null,
        1,
        2,
        null,
        null,
        null,
        null,
        1,
        null,
        null,
        null,
        1,
        1,
        null,
        null,
        null,
        1,
        null,
        null,
        null,
        null,
        1,
        5,
        null,
        5,
        5,
        6,
        3,
        null,
        4,
        2,
        null,
        null,
        null,
        null,
        null,
        null,
        1,
        5,
        5,
        4,
        2,
        null,
        6,
        3,
        null,
        null,
        null,
        null,
        null,
        null,
        1,
        2,
        2,
        4,
        2,
        null,
        null,
        null,
        1,
        null,
        1,
        9,
        null,
        null,
        null,
        1,
        10,
        null,
        null
      ],
      "/Users/TonGarcia/Documents/projs/rails/enpeX/app/controllers/application_controller.rb": [
        1,
        null,
        null,
        1,
        null
      ],
      "/Users/TonGarcia/Documents/projs/rails/enpeX/spec/controllers/transactions_controller_spec.rb": [
        1,
        null,
        null,
        null,
        null,
        null,
        null,
        null,
        null,
        null,
        null,
        null,
        null,
        null,
        null,
        null,
        null,
        null,
        null,
        null,
        1,
        null,
        null,
        null,
        null,
        14,
        null,
        null,
        null,
        null,
        17,
        null,
        1,
        1,
        1,
        1,
        1,
        null,
        null,
        null,
        1,
        1,
        1,
        1,
        1,
        null,
        null,
        null,
        1,
        1,
        1,
        1,
        null,
        null,
        null,
        1,
        1,
        1,
        1,
        1,
        null,
        null,
        null,
        1,
        1,
        1,
        1,
        1,
        null,
        null,
        null,
        1,
        1,
        1,
        1,
        null,
        null,
        1,
        1,
        1,
        null,
        null,
        null,
        1,
        1,
        null,
        1,
        1,
        1,
        null,
        null,
        1,
        null,
        1,
        1,
        1,
        null,
        null,
        null,
        null,
        1,
        1,
        1,
        1,
        null,
        null,
        null,
        null,
        1,
        1,
        null,
        null,
        1,
        1,
        1,
        1,
        null,
        null,
        1,
        1,
        1,
        1,
        null,
        null,
        null,
        1,
        1,
        1,
        null,
        1,
        1,
        1,
        null,
        null,
        1,
        1,
        null,
        1,
        1,
        1,
        null,
        null,
        null,
        null,
        1,
        1,
        1,
        1,
        1,
        null,
        null,
        null,
        1,
        1,
        1,
        1,
        null,
        null,
        null,
        null
      ],
      "/Users/TonGarcia/Documents/projs/rails/enpeX/app/controllers/transactions_controller.rb": [
        1,
        1,
        null,
        null,
        null,
        1,
        2,
        null,
        null,
        null,
        null,
        1,
        null,
        null,
        null,
        1,
        1,
        null,
        null,
        null,
        1,
        null,
        null,
        null,
        null,
        1,
        5,
        null,
        5,
        5,
        6,
        3,
        null,
        4,
        2,
        null,
        null,
        null,
        null,
        null,
        null,
        1,
        5,
        5,
        4,
        2,
        null,
        6,
        3,
        null,
        null,
        null,
        null,
        null,
        null,
        1,
        2,
        2,
        4,
        2,
        null,
        null,
        null,
        1,
        null,
        1,
        9,
        null,
        null,
        null,
        1,
        10,
        null,
        null
      ],
      "/Users/TonGarcia/Documents/projs/rails/enpeX/spec/controllers/users_controller_spec.rb": [
        1,
        null,
        null,
        null,
        null,
        null,
        null,
        null,
        null,
        null,
        null,
        null,
        null,
        null,
        null,
        null,
        null,
        null,
        null,
        null,
        1,
        null,
        null,
        null,
        null,
        14,
        null,
        null,
        null,
        null,
        17,
        null,
        1,
        1,
        1,
        1,
        1,
        null,
        null,
        null,
        1,
        1,
        1,
        1,
        1,
        null,
        null,
        null,
        1,
        1,
        1,
        1,
        null,
        null,
        null,
        1,
        1,
        1,
        1,
        1,
        null,
        null,
        null,
        1,
        1,
        1,
        1,
        1,
        null,
        null,
        null,
        1,
        1,
        1,
        1,
        null,
        null,
        1,
        1,
        1,
        null,
        null,
        null,
        1,
        1,
        null,
        1,
        1,
        1,
        null,
        null,
        1,
        null,
        1,
        1,
        1,
        null,
        null,
        null,
        null,
        1,
        1,
        1,
        1,
        null,
        null,
        null,
        null,
        1,
        1,
        null,
        null,
        1,
        1,
        1,
        1,
        null,
        null,
        1,
        1,
        1,
        1,
        null,
        null,
        null,
        1,
        1,
        1,
        null,
        1,
        1,
        1,
        null,
        null,
        1,
        1,
        null,
        1,
        1,
        1,
        null,
        null,
        null,
        null,
        1,
        1,
        1,
        1,
        1,
        null,
        null,
        null,
        1,
        1,
        1,
        1,
        null,
        null,
        null,
        null
      ],
      "/Users/TonGarcia/Documents/projs/rails/enpeX/app/controllers/users_controller.rb": [
        1,
        1,
        null,
        null,
        null,
        1,
        2,
        null,
        null,
        null,
        null,
        1,
        null,
        null,
        null,
        1,
        1,
        null,
        null,
        null,
        1,
        null,
        null,
        null,
        null,
        1,
        5,
        null,
        5,
        5,
        6,
        3,
        null,
        4,
        2,
        null,
        null,
        null,
        null,
        null,
        null,
        1,
        5,
        5,
        4,
        2,
        null,
        6,
        3,
        null,
        null,
        null,
        null,
        null,
        null,
        1,
        2,
        2,
        4,
        2,
        null,
        null,
        null,
        1,
        null,
        1,
        9,
        null,
        null,
        null,
        1,
        10,
        null,
        null
      ],
      "/Users/TonGarcia/Documents/projs/rails/enpeX/spec/controllers/welcome_controller_spec.rb": [
        1,
        null,
        1,
        null,
        1,
        1,
        1,
        1,
        null,
        null,
        null,
        null
      ],
      "/Users/TonGarcia/Documents/projs/rails/enpeX/app/controllers/welcome_controller.rb": [
        1,
        1,
        null,
        1,
        1,
        null,
        null,
        1,
        1,
        0,
        0,
        null,
        null
      ],
      "/Users/TonGarcia/Documents/projs/rails/enpeX/spec/helpers/projects_helper_spec.rb": [
        1,
        null,
        null,
        null,
        null,
        null,
        null,
        null,
        null,
        null,
        null,
        null,
        1,
        1,
        null
      ],
      "/Users/TonGarcia/Documents/projs/rails/enpeX/spec/helpers/transactions_helper_spec.rb": [
        1,
        null,
        null,
        null,
        null,
        null,
        null,
        null,
        null,
        null,
        null,
        null,
        1,
        1,
        null
      ],
      "/Users/TonGarcia/Documents/projs/rails/enpeX/spec/helpers/users_helper_spec.rb": [
        1,
        null,
        null,
        null,
        null,
        null,
        null,
        null,
        null,
        null,
        null,
        null,
        1,
        1,
        null
      ],
      "/Users/TonGarcia/Documents/projs/rails/enpeX/spec/helpers/welcome_helper_spec.rb": [
        1,
        null,
        null,
        null,
        null,
        null,
        null,
        null,
        null,
        null,
        null,
        null,
        1,
        1,
        null
      ],
      "/Users/TonGarcia/Documents/projs/rails/enpeX/spec/models/project_spec.rb": [
        1,
        null,
        1,
        1,
        null
      ],
      "/Users/TonGarcia/Documents/projs/rails/enpeX/app/models/project.rb": [
        1,
        1,
        1,
        null,
        1,
        0,
        null,
        null,
        1,
        0,
        null,
        null,
        1,
        0,
        null,
        null,
        1,
        0,
        null,
        null
      ],
      "/Users/TonGarcia/Documents/projs/rails/enpeX/spec/models/role_spec.rb": [
        1,
        null,
        1,
        1,
        null
      ],
      "/Users/TonGarcia/Documents/projs/rails/enpeX/app/models/role.rb": [
        1,
        null
      ],
      "/Users/TonGarcia/Documents/projs/rails/enpeX/spec/models/social_network_spec.rb": [
        1,
        null,
        1,
        1,
        null
      ],
      "/Users/TonGarcia/Documents/projs/rails/enpeX/app/models/social_network.rb": [
        1,
        null
      ],
      "/Users/TonGarcia/Documents/projs/rails/enpeX/spec/models/social_session_spec.rb": [
        1,
        null,
        1,
        1,
        null
      ],
      "/Users/TonGarcia/Documents/projs/rails/enpeX/app/models/social_session.rb": [
        1,
        null
      ],
      "/Users/TonGarcia/Documents/projs/rails/enpeX/spec/models/transaction_spec.rb": [
        1,
        null,
        1,
        1,
        null
      ],
      "/Users/TonGarcia/Documents/projs/rails/enpeX/app/models/transaction.rb": [
        1,
        1,
        1,
        1,
        1,
        null,
        1,
        28,
        null,
        null,
        1,
        42,
        null,
        null,
        1,
        42,
        null,
        null
      ],
      "/Users/TonGarcia/Documents/projs/rails/enpeX/spec/models/user_spec.rb": [
        1,
        null,
        1,
        1,
        null
      ],
      "/Users/TonGarcia/Documents/projs/rails/enpeX/app/models/user.rb": [
        1,
        1,
        1,
        null
      ],
      "/Users/TonGarcia/Documents/projs/rails/enpeX/spec/requests/projects_spec.rb": [
        1,
        null,
        1,
        1,
        1,
        null,
        1,
        1,
        null,
        null,
        null
      ],
      "/Users/TonGarcia/Documents/projs/rails/enpeX/spec/requests/transactions_spec.rb": [
        1,
        null,
        1,
        1,
        1,
        null,
        1,
        1,
        null,
        null,
        null
      ],
      "/Users/TonGarcia/Documents/projs/rails/enpeX/spec/requests/users_spec.rb": [
        1,
        null,
        1,
        1,
        1,
        null,
        1,
        1,
        null,
        null,
        null
      ],
      "/Users/TonGarcia/Documents/projs/rails/enpeX/spec/routing/projects_routing_spec.rb": [
        1,
        null,
        1,
        1,
        null,
        1,
        1,
        null,
        null,
        1,
        1,
        null,
        null,
        1,
        1,
        null,
        null,
        1,
        1,
        null,
        null,
        1,
        1,
        null,
        null,
        1,
        1,
        null,
        null,
        1,
        1,
        null,
        null,
        null,
        null
      ],
      "/Users/TonGarcia/Documents/projs/rails/enpeX/spec/routing/transactions_routing_spec.rb": [
        1,
        null,
        1,
        1,
        null,
        1,
        1,
        null,
        null,
        1,
        1,
        null,
        null,
        1,
        1,
        null,
        null,
        1,
        1,
        null,
        null,
        1,
        1,
        null,
        null,
        1,
        1,
        null,
        null,
        1,
        1,
        null,
        null,
        null,
        null
      ],
      "/Users/TonGarcia/Documents/projs/rails/enpeX/spec/routing/users_routing_spec.rb": [
        1,
        null,
        1,
        1,
        null,
        1,
        1,
        null,
        null,
        1,
        1,
        null,
        null,
        1,
        1,
        null,
        null,
        1,
        1,
        null,
        null,
        1,
        1,
        null,
        null,
        1,
        1,
        null,
        null,
        1,
        1,
        null,
        null,
        null,
        null
      ],
      "/Users/TonGarcia/Documents/projs/rails/enpeX/spec/views/projects/edit.html.erb_spec.rb": [
        1,
        null,
        1,
        1,
        1,
        null,
        null,
        null,
        null,
        null,
        null,
        null,
        1,
        1,
        null,
        null,
        1,
        1,
        1,
        1,
        1,
        null,
        null,
        null
      ],
      "/Users/TonGarcia/Documents/projs/rails/enpeX/spec/views/projects/index.html.erb_spec.rb": [
        1,
        null,
        1,
        1,
        1,
        null,
        null,
        null,
        null,
        null,
        null,
        null,
        null,
        null,
        null,
        null,
        null,
        null,
        null,
        null,
        1,
        1,
        null,
        0,
        0,
        0,
        0,
        null,
        null
      ],
      "/Users/TonGarcia/Documents/projs/rails/enpeX/spec/views/projects/new.html.erb_spec.rb": [
        1,
        null,
        1,
        1,
        1,
        null,
        null,
        null,
        null,
        null,
        null,
        null,
        1,
        1,
        null,
        null,
        1,
        1,
        1,
        1,
        1,
        null,
        null,
        null
      ],
      "/Users/TonGarcia/Documents/projs/rails/enpeX/spec/views/projects/show.html.erb_spec.rb": [
        1,
        null,
        1,
        1,
        1,
        null,
        null,
        null,
        null,
        null,
        null,
        null,
        1,
        1,
        null,
        0,
        0,
        0,
        0,
        null,
        null
      ],
      "/Users/TonGarcia/Documents/projs/rails/enpeX/spec/views/transactions/edit.html.erb_spec.rb": [
        1,
        null,
        1,
        1,
        1,
        null,
        null,
        null,
        null,
        null,
        null,
        1,
        1,
        null,
        null,
        1,
        1,
        1,
        0,
        null,
        null,
        null
      ],
      "/Users/TonGarcia/Documents/projs/rails/enpeX/spec/views/transactions/index.html.erb_spec.rb": [
        1,
        null,
        1,
        1,
        1,
        null,
        null,
        null,
        null,
        null,
        null,
        null,
        null,
        null,
        null,
        null,
        null,
        null,
        1,
        1,
        null,
        0,
        0,
        0,
        null,
        null
      ],
      "/Users/TonGarcia/Documents/projs/rails/enpeX/spec/views/transactions/new.html.erb_spec.rb": [
        1,
        null,
        1,
        1,
        1,
        null,
        null,
        null,
        null,
        null,
        null,
        1,
        1,
        null,
        null,
        1,
        1,
        1,
        0,
        null,
        null,
        null
      ],
      "/Users/TonGarcia/Documents/projs/rails/enpeX/spec/views/transactions/show.html.erb_spec.rb": [
        1,
        null,
        1,
        1,
        1,
        null,
        null,
        null,
        null,
        null,
        null,
        1,
        1,
        null,
        0,
        0,
        0,
        null,
        null
      ],
      "/Users/TonGarcia/Documents/projs/rails/enpeX/spec/views/users/edit.html.erb_spec.rb": [
        1,
        null,
        1,
        1,
        1,
        null,
        null,
        null,
        null,
        null,
        null,
        null,
        null,
        1,
        1,
        null,
        null,
        1,
        1,
        1,
        0,
        0,
        0,
        null,
        null,
        null
      ],
      "/Users/TonGarcia/Documents/projs/rails/enpeX/spec/views/users/index.html.erb_spec.rb": [
        1,
        null,
        1,
        1,
        1,
        null,
        null,
        null,
        null,
        null,
        null,
        null,
        null,
        null,
        null,
        null,
        null,
        null,
        null,
        null,
        null,
        null,
        1,
        1,
        null,
        1,
        1,
        1,
        1,
        1,
        null,
        null
      ],
      "/Users/TonGarcia/Documents/projs/rails/enpeX/spec/views/users/new.html.erb_spec.rb": [
        1,
        null,
        1,
        1,
        1,
        null,
        null,
        null,
        null,
        null,
        null,
        null,
        null,
        1,
        1,
        null,
        null,
        1,
        1,
        1,
        0,
        0,
        0,
        null,
        null,
        null
      ],
      "/Users/TonGarcia/Documents/projs/rails/enpeX/spec/views/users/show.html.erb_spec.rb": [
        1,
        null,
        1,
        1,
        1,
        null,
        null,
        null,
        null,
        null,
        null,
        null,
        null,
        1,
        1,
        null,
        1,
        1,
        1,
        1,
        1,
        null,
        null
      ],
      "/Users/TonGarcia/Documents/projs/rails/enpeX/spec/views/welcome/index.html.erb_spec.rb": [
        1,
        null,
        1,
        1,
        null
      ]
    },
    "timestamp": 1401820195
  }
}
